Determining if the pthread_create exist failed with the following output:
Change Dir: /home/fetch/rostful_ws/build/CMakeFiles/CMakeTmp

Run Build Command:/usr/bin/make "cmTryCompileExec1575195360/fast"
/usr/bin/make -f CMakeFiles/cmTryCompileExec1575195360.dir/build.make CMakeFiles/cmTryCompileExec1575195360.dir/build
make[1]: Entering directory `/home/fetch/rostful_ws/build/CMakeFiles/CMakeTmp'
/usr/bin/cmake -E cmake_progress_report /home/fetch/rostful_ws/build/CMakeFiles/CMakeTmp/CMakeFiles 1
Building C object CMakeFiles/cmTryCompileExec1575195360.dir/CheckSymbolExists.c.o
/usr/bin/cc    -o CMakeFiles/cmTryCompileExec1575195360.dir/CheckSymbolExists.c.o   -c /home/fetch/rostful_ws/build/CMakeFiles/CMakeTmp/CheckSymbolExists.c
Linking C executable cmTryCompileExec1575195360
/usr/bin/cmake -E cmake_link_script CMakeFiles/cmTryCompileExec1575195360.dir/link.txt --verbose=1
/usr/bin/cc       CMakeFiles/cmTryCompileExec1575195360.dir/CheckSymbolExists.c.o  -o cmTryCompileExec1575195360 -rdynamic 
CMakeFiles/cmTryCompileExec1575195360.dir/CheckSymbolExists.c.o: In function `main':
CheckSymbolExists.c:(.text+0x16): undefined reference to `pthread_create'
collect2: error: ld returned 1 exit status
make[1]: *** [cmTryCompileExec1575195360] Error 1
make[1]: Leaving directory `/home/fetch/rostful_ws/build/CMakeFiles/CMakeTmp'
make: *** [cmTryCompileExec1575195360/fast] Error 2

File /home/fetch/rostful_ws/build/CMakeFiles/CMakeTmp/CheckSymbolExists.c:
/* */
#include <pthread.h>

int main(int argc, char** argv)
{
  (void)argv;
#ifndef pthread_create
  return ((int*)(&pthread_create))[argc];
#else
  (void)argc;
  return 0;
#endif
}

Determining if the function pthread_create exists in the pthreads failed with the following output:
Change Dir: /home/fetch/rostful_ws/build/CMakeFiles/CMakeTmp

Run Build Command:/usr/bin/make "cmTryCompileExec420133923/fast"
/usr/bin/make -f CMakeFiles/cmTryCompileExec420133923.dir/build.make CMakeFiles/cmTryCompileExec420133923.dir/build
make[1]: Entering directory `/home/fetch/rostful_ws/build/CMakeFiles/CMakeTmp'
/usr/bin/cmake -E cmake_progress_report /home/fetch/rostful_ws/build/CMakeFiles/CMakeTmp/CMakeFiles 1
Building C object CMakeFiles/cmTryCompileExec420133923.dir/CheckFunctionExists.c.o
/usr/bin/cc   -DCHECK_FUNCTION_EXISTS=pthread_create   -o CMakeFiles/cmTryCompileExec420133923.dir/CheckFunctionExists.c.o   -c /usr/share/cmake-2.8/Modules/CheckFunctionExists.c
Linking C executable cmTryCompileExec420133923
/usr/bin/cmake -E cmake_link_script CMakeFiles/cmTryCompileExec420133923.dir/link.txt --verbose=1
/usr/bin/cc   -DCHECK_FUNCTION_EXISTS=pthread_create    CMakeFiles/cmTryCompileExec420133923.dir/CheckFunctionExists.c.o  -o cmTryCompileExec420133923 -rdynamic -lpthreads 
/usr/bin/ld: cannot find -lpthreads
collect2: error: ld returned 1 exit status
make[1]: Leaving directory `/home/fetch/rostful_ws/build/CMakeFiles/CMakeTmp'
make[1]: *** [cmTryCompileExec420133923] Error 1
make: *** [cmTryCompileExec420133923/fast] Error 2


